2024-09-11 01:36:05.061 [main] INFO  com.alibaba.nacos.client.env.SearchableProperties - properties search order:PROPERTIES->JVM->ENV->DEFAULT_SETTING
2024-09-11 01:36:05.510 [main] WARN  o.s.b.t.j.DuplicateJsonObjectContextCustomizerFactory$DuplicateJsonObjectContextCustomizer - 

Found multiple occurrences of org.json.JSONObject on the class path:

	jar:file:/C:/Users/recww/.m2/repository/com/vaadin/external/google/android-json/0.0.20131108.vaadin1/android-json-0.0.20131108.vaadin1.jar!/org/json/JSONObject.class
	jar:file:/C:/Users/recww/.m2/repository/org/json/json/20090211/json-20090211.jar!/org/json/JSONObject.class

You may wish to exclude one of them to ensure predictable runtime behavior

2024-09-11 01:36:05.527 [main] INFO  com.aus.linker.kv.CassandraTests - The following 1 profile is active: "dev"
2024-09-11 01:36:05.891 [main] INFO  o.s.d.r.config.RepositoryConfigurationDelegate - Bootstrapping Spring Data Reactive Cassandra repositories in DEFAULT mode.
2024-09-11 01:36:05.921 [main] INFO  o.s.d.r.config.RepositoryConfigurationDelegate - Finished Spring Data repository scanning in 26 ms. Found 0 Reactive Cassandra repository interfaces.
2024-09-11 01:36:05.924 [main] INFO  o.s.d.r.config.RepositoryConfigurationDelegate - Bootstrapping Spring Data Cassandra repositories in DEFAULT mode.
2024-09-11 01:36:05.937 [main] INFO  o.s.d.r.config.RepositoryConfigurationDelegate - Finished Spring Data repository scanning in 12 ms. Found 1 Cassandra repository interfaces.
2024-09-11 01:36:06.075 [main] INFO  o.springframework.cloud.context.scope.GenericScope - BeanFactory id=809bbc3a-74e3-38e0-8585-c61899c5e606
2024-09-11 01:36:06.384 [main] INFO  c.d.o.driver.internal.core.DefaultMavenCoordinates - DataStax Java driver for Apache Cassandra(R) (com.datastax.oss:java-driver-core) version 4.13.0
2024-09-11 01:36:06.775 [s0-admin-0] INFO  com.datastax.oss.driver.internal.core.time.Clock - Using native clock for microsecond precision
2024-09-11 01:36:07.140 [s1-admin-0] INFO  com.datastax.oss.driver.internal.core.time.Clock - Using native clock for microsecond precision
2024-09-11 01:36:09.035 [main] INFO  com.aus.linker.kv.CassandraTests - Started CassandraTests in 4.373 seconds (JVM running for 5.574)
2024-09-11 03:18:15.400 [main] INFO  com.alibaba.nacos.client.env.SearchableProperties - properties search order:PROPERTIES->JVM->ENV->DEFAULT_SETTING
2024-09-11 03:18:15.845 [main] WARN  o.s.b.t.j.DuplicateJsonObjectContextCustomizerFactory$DuplicateJsonObjectContextCustomizer - 

Found multiple occurrences of org.json.JSONObject on the class path:

	jar:file:/C:/Users/recww/.m2/repository/com/vaadin/external/google/android-json/0.0.20131108.vaadin1/android-json-0.0.20131108.vaadin1.jar!/org/json/JSONObject.class
	jar:file:/C:/Users/recww/.m2/repository/org/json/json/20090211/json-20090211.jar!/org/json/JSONObject.class

You may wish to exclude one of them to ensure predictable runtime behavior

2024-09-11 03:18:15.869 [main] INFO  com.aus.linker.kv.CassandraTests - The following 1 profile is active: "dev"
2024-09-11 03:18:16.232 [main] INFO  o.s.d.r.config.RepositoryConfigurationDelegate - Bootstrapping Spring Data Reactive Cassandra repositories in DEFAULT mode.
2024-09-11 03:18:16.266 [main] INFO  o.s.d.r.config.RepositoryConfigurationDelegate - Finished Spring Data repository scanning in 28 ms. Found 0 Reactive Cassandra repository interfaces.
2024-09-11 03:18:16.269 [main] INFO  o.s.d.r.config.RepositoryConfigurationDelegate - Bootstrapping Spring Data Cassandra repositories in DEFAULT mode.
2024-09-11 03:18:16.281 [main] INFO  o.s.d.r.config.RepositoryConfigurationDelegate - Finished Spring Data repository scanning in 12 ms. Found 1 Cassandra repository interfaces.
2024-09-11 03:18:16.431 [main] INFO  o.springframework.cloud.context.scope.GenericScope - BeanFactory id=809bbc3a-74e3-38e0-8585-c61899c5e606
2024-09-11 03:18:16.830 [main] INFO  c.d.o.driver.internal.core.DefaultMavenCoordinates - DataStax Java driver for Apache Cassandra(R) (com.datastax.oss:java-driver-core) version 4.13.0
2024-09-11 03:18:17.231 [s0-admin-0] INFO  com.datastax.oss.driver.internal.core.time.Clock - Using native clock for microsecond precision
2024-09-11 03:18:17.585 [s1-admin-0] INFO  com.datastax.oss.driver.internal.core.time.Clock - Using native clock for microsecond precision
2024-09-11 03:18:19.401 [main] INFO  com.aus.linker.kv.CassandraTests - Started CassandraTests in 4.417 seconds (JVM running for 5.322)
2024-09-11 03:18:19.857 [main] INFO  com.aus.linker.kv.CassandraTests - 查询结果：{"id":"59bc7f29-29cf-4eb3-9f99-96dacc392174","content":"代码测试笔记内容插入"}
2024-09-11 03:19:07.572 [main] INFO  com.alibaba.nacos.client.env.SearchableProperties - properties search order:PROPERTIES->JVM->ENV->DEFAULT_SETTING
2024-09-11 03:19:08.036 [main] WARN  o.s.b.t.j.DuplicateJsonObjectContextCustomizerFactory$DuplicateJsonObjectContextCustomizer - 

Found multiple occurrences of org.json.JSONObject on the class path:

	jar:file:/C:/Users/recww/.m2/repository/com/vaadin/external/google/android-json/0.0.20131108.vaadin1/android-json-0.0.20131108.vaadin1.jar!/org/json/JSONObject.class
	jar:file:/C:/Users/recww/.m2/repository/org/json/json/20090211/json-20090211.jar!/org/json/JSONObject.class

You may wish to exclude one of them to ensure predictable runtime behavior

2024-09-11 03:19:08.051 [main] INFO  com.aus.linker.kv.CassandraTests - The following 1 profile is active: "dev"
2024-09-11 03:19:08.429 [main] INFO  o.s.d.r.config.RepositoryConfigurationDelegate - Bootstrapping Spring Data Reactive Cassandra repositories in DEFAULT mode.
2024-09-11 03:19:08.467 [main] INFO  o.s.d.r.config.RepositoryConfigurationDelegate - Finished Spring Data repository scanning in 34 ms. Found 0 Reactive Cassandra repository interfaces.
2024-09-11 03:19:08.471 [main] INFO  o.s.d.r.config.RepositoryConfigurationDelegate - Bootstrapping Spring Data Cassandra repositories in DEFAULT mode.
2024-09-11 03:19:08.493 [main] INFO  o.s.d.r.config.RepositoryConfigurationDelegate - Finished Spring Data repository scanning in 21 ms. Found 1 Cassandra repository interfaces.
2024-09-11 03:19:08.661 [main] INFO  o.springframework.cloud.context.scope.GenericScope - BeanFactory id=809bbc3a-74e3-38e0-8585-c61899c5e606
2024-09-11 03:19:09.036 [main] INFO  c.d.o.driver.internal.core.DefaultMavenCoordinates - DataStax Java driver for Apache Cassandra(R) (com.datastax.oss:java-driver-core) version 4.13.0
2024-09-11 03:19:09.430 [s0-admin-0] INFO  com.datastax.oss.driver.internal.core.time.Clock - Using native clock for microsecond precision
2024-09-11 03:19:09.781 [s1-admin-0] INFO  com.datastax.oss.driver.internal.core.time.Clock - Using native clock for microsecond precision
2024-09-11 03:19:11.374 [main] INFO  com.aus.linker.kv.CassandraTests - Started CassandraTests in 4.216 seconds (JVM running for 5.139)
